# Logfile created on 2014-04-29 09:09:17 -0700 by logger.rb/44203
I, [2014-04-29T09:09:17.673750 #23425]  INFO -- : 0:  addressable (2.3.6) from /Users/johnjorgensen/.rvm/gems/ruby-2.1.0/specifications/addressable-2.3.6.gemspec
I, [2014-04-29T09:09:17.674102 #23425]  INFO -- : 0:  bcrypt (3.1.7) from /Users/johnjorgensen/.rvm/gems/ruby-2.1.0/specifications/bcrypt-3.1.7.gemspec
I, [2014-04-29T09:09:17.674375 #23425]  INFO -- : 0:  bcrypt-ruby (3.1.5) from /Users/johnjorgensen/.rvm/gems/ruby-2.1.0/specifications/bcrypt-ruby-3.1.5.gemspec
I, [2014-04-29T09:09:17.674623 #23425]  INFO -- : 0:  dm-core (1.2.1) from /Users/johnjorgensen/.rvm/gems/ruby-2.1.0/specifications/dm-core-1.2.1.gemspec
I, [2014-04-29T09:09:17.674868 #23425]  INFO -- : 0:  dm-aggregates (1.2.0) from /Users/johnjorgensen/.rvm/gems/ruby-2.1.0/specifications/dm-aggregates-1.2.0.gemspec
I, [2014-04-29T09:09:17.675105 #23425]  INFO -- : 0:  dm-constraints (1.2.0) from /Users/johnjorgensen/.rvm/gems/ruby-2.1.0/specifications/dm-constraints-1.2.0.gemspec
I, [2014-04-29T09:09:17.675345 #23425]  INFO -- : 0:  dm-migrations (1.2.0) from /Users/johnjorgensen/.rvm/gems/ruby-2.1.0/specifications/dm-migrations-1.2.0.gemspec
I, [2014-04-29T09:09:17.675590 #23425]  INFO -- : 0:  fastercsv (1.5.5) from /Users/johnjorgensen/.rvm/gems/ruby-2.1.0/specifications/fastercsv-1.5.5.gemspec
I, [2014-04-29T09:09:17.675822 #23425]  INFO -- : 0:  json (1.8.1) from /Users/johnjorgensen/.rvm/rubies/ruby-2.1.0/lib/ruby/gems/2.1.0/specifications/default/json-1.8.1.gemspec
I, [2014-04-29T09:09:17.676057 #23425]  INFO -- : 0:  json_pure (1.8.1) from /Users/johnjorgensen/.rvm/gems/ruby-2.1.0/specifications/json_pure-1.8.1.gemspec
I, [2014-04-29T09:09:18.598023 #23425]  INFO -- : 0:  multi_json (1.9.3) from /Users/johnjorgensen/.rvm/gems/ruby-2.1.0/specifications/multi_json-1.9.3.gemspec
I, [2014-04-29T09:09:18.598523 #23425]  INFO -- : 0:  dm-serializer (1.2.2) from /Users/johnjorgensen/.rvm/gems/ruby-2.1.0/specifications/dm-serializer-1.2.2.gemspec
I, [2014-04-29T09:09:18.598862 #23425]  INFO -- : 0:  dm-timestamps (1.2.0) from /Users/johnjorgensen/.rvm/gems/ruby-2.1.0/specifications/dm-timestamps-1.2.0.gemspec
I, [2014-04-29T09:09:18.599210 #23425]  INFO -- : 0:  dm-transactions (1.2.0) from /Users/johnjorgensen/.rvm/gems/ruby-2.1.0/specifications/dm-transactions-1.2.0.gemspec
I, [2014-04-29T09:09:18.599532 #23425]  INFO -- : 0:  stringex (1.5.1) from /Users/johnjorgensen/.rvm/gems/ruby-2.1.0/specifications/stringex-1.5.1.gemspec
I, [2014-04-29T09:09:18.599858 #23425]  INFO -- : 0:  uuidtools (2.1.4) from /Users/johnjorgensen/.rvm/gems/ruby-2.1.0/specifications/uuidtools-2.1.4.gemspec
I, [2014-04-29T09:09:18.600237 #23425]  INFO -- : 0:  dm-types (1.2.2) from /Users/johnjorgensen/.rvm/gems/ruby-2.1.0/specifications/dm-types-1.2.2.gemspec
I, [2014-04-29T09:09:18.600643 #23425]  INFO -- : 0:  dm-validations (1.2.0) from /Users/johnjorgensen/.rvm/gems/ruby-2.1.0/specifications/dm-validations-1.2.0.gemspec
I, [2014-04-29T09:09:18.600953 #23425]  INFO -- : 0:  data_mapper (1.2.0) from /Users/johnjorgensen/.rvm/gems/ruby-2.1.0/specifications/data_mapper-1.2.0.gemspec
I, [2014-04-29T09:09:18.601231 #23425]  INFO -- : 0:  data_objects (0.10.14) from /Users/johnjorgensen/.rvm/gems/ruby-2.1.0/specifications/data_objects-0.10.14.gemspec
I, [2014-04-29T09:09:18.601505 #23425]  INFO -- : 0:  dm-do-adapter (1.2.0) from /Users/johnjorgensen/.rvm/gems/ruby-2.1.0/specifications/dm-do-adapter-1.2.0.gemspec
I, [2014-04-29T09:09:18.601759 #23425]  INFO -- : 0:  do_postgres (0.10.14) from /Users/johnjorgensen/.rvm/gems/ruby-2.1.0/specifications/do_postgres-0.10.14.gemspec
I, [2014-04-29T09:09:18.602052 #23425]  INFO -- : 0:  dm-postgres-adapter (1.2.0) from /Users/johnjorgensen/.rvm/gems/ruby-2.1.0/specifications/dm-postgres-adapter-1.2.0.gemspec
I, [2014-04-29T09:09:18.602513 #23425]  INFO -- : 0:  do_sqlite3 (0.10.14) from /Users/johnjorgensen/.rvm/gems/ruby-2.1.0/specifications/do_sqlite3-0.10.14.gemspec
I, [2014-04-29T09:09:18.602902 #23425]  INFO -- : 0:  dm-sqlite-adapter (1.2.0) from /Users/johnjorgensen/.rvm/gems/ruby-2.1.0/specifications/dm-sqlite-adapter-1.2.0.gemspec
I, [2014-04-29T09:09:18.603340 #23425]  INFO -- : 0:  tilt (1.4.1) from /Users/johnjorgensen/.rvm/gems/ruby-2.1.0/specifications/tilt-1.4.1.gemspec
I, [2014-04-29T09:09:18.603740 #23425]  INFO -- : 0:  haml (4.0.5) from /Users/johnjorgensen/.rvm/gems/ruby-2.1.0/specifications/haml-4.0.5.gemspec
I, [2014-04-29T09:09:18.604135 #23425]  INFO -- : 0:  kgio (2.9.2) from /Users/johnjorgensen/.rvm/gems/ruby-2.1.0/specifications/kgio-2.9.2.gemspec
I, [2014-04-29T09:09:18.604536 #23425]  INFO -- : 0:  rack (1.5.2) from /Users/johnjorgensen/.rvm/gems/ruby-2.1.0/specifications/rack-1.5.2.gemspec
I, [2014-04-29T09:09:18.604946 #23425]  INFO -- : 0:  rack-protection (1.5.3) from /Users/johnjorgensen/.rvm/gems/ruby-2.1.0/specifications/rack-protection-1.5.3.gemspec
I, [2014-04-29T09:09:18.605358 #23425]  INFO -- : 0:  raindrops (0.13.0) from /Users/johnjorgensen/.rvm/gems/ruby-2.1.0/specifications/raindrops-0.13.0.gemspec
I, [2014-04-29T09:09:18.605682 #23425]  INFO -- : 0:  sinatra (1.4.5) from /Users/johnjorgensen/.rvm/gems/ruby-2.1.0/specifications/sinatra-1.4.5.gemspec
I, [2014-04-29T09:09:18.606014 #23425]  INFO -- : 0:  unicorn (4.8.2) from /Users/johnjorgensen/.rvm/gems/ruby-2.1.0/specifications/unicorn-4.8.2.gemspec
I, [2014-04-29T09:09:18.606321 #23425]  INFO -- : 0:  bundler (1.5.1) from /Users/johnjorgensen/.rvm/gems/ruby-2.1.0@global/specifications/bundler-1.5.1.gemspec
I, [2014-04-30T09:41:22.862448 #25197]  INFO -- : 0:  addressable (2.3.6) from /Users/johnjorgensen/.rvm/gems/ruby-2.1.0/specifications/addressable-2.3.6.gemspec
I, [2014-04-30T09:41:22.870882 #25197]  INFO -- : 0:  bcrypt (3.1.7) from /Users/johnjorgensen/.rvm/gems/ruby-2.1.0/specifications/bcrypt-3.1.7.gemspec
I, [2014-04-30T09:41:22.871407 #25197]  INFO -- : 0:  bcrypt-ruby (3.1.5) from /Users/johnjorgensen/.rvm/gems/ruby-2.1.0/specifications/bcrypt-ruby-3.1.5.gemspec
I, [2014-04-30T09:41:22.871901 #25197]  INFO -- : 0:  dm-core (1.2.1) from /Users/johnjorgensen/.rvm/gems/ruby-2.1.0/specifications/dm-core-1.2.1.gemspec
I, [2014-04-30T09:41:22.872351 #25197]  INFO -- : 0:  dm-aggregates (1.2.0) from /Users/johnjorgensen/.rvm/gems/ruby-2.1.0/specifications/dm-aggregates-1.2.0.gemspec
I, [2014-04-30T09:41:22.872859 #25197]  INFO -- : 0:  dm-constraints (1.2.0) from /Users/johnjorgensen/.rvm/gems/ruby-2.1.0/specifications/dm-constraints-1.2.0.gemspec
I, [2014-04-30T09:41:22.873404 #25197]  INFO -- : 0:  dm-migrations (1.2.0) from /Users/johnjorgensen/.rvm/gems/ruby-2.1.0/specifications/dm-migrations-1.2.0.gemspec
I, [2014-04-30T09:41:22.873835 #25197]  INFO -- : 0:  fastercsv (1.5.5) from /Users/johnjorgensen/.rvm/gems/ruby-2.1.0/specifications/fastercsv-1.5.5.gemspec
I, [2014-04-30T09:41:22.874171 #25197]  INFO -- : 0:  json (1.8.1) from /Users/johnjorgensen/.rvm/rubies/ruby-2.1.0/lib/ruby/gems/2.1.0/specifications/default/json-1.8.1.gemspec
I, [2014-04-30T09:41:22.874496 #25197]  INFO -- : 0:  json_pure (1.8.1) from /Users/johnjorgensen/.rvm/gems/ruby-2.1.0/specifications/json_pure-1.8.1.gemspec
I, [2014-04-30T09:41:22.874791 #25197]  INFO -- : 0:  multi_json (1.9.3) from /Users/johnjorgensen/.rvm/gems/ruby-2.1.0/specifications/multi_json-1.9.3.gemspec
I, [2014-04-30T09:41:22.875081 #25197]  INFO -- : 0:  dm-serializer (1.2.2) from /Users/johnjorgensen/.rvm/gems/ruby-2.1.0/specifications/dm-serializer-1.2.2.gemspec
I, [2014-04-30T09:41:22.875404 #25197]  INFO -- : 0:  dm-timestamps (1.2.0) from /Users/johnjorgensen/.rvm/gems/ruby-2.1.0/specifications/dm-timestamps-1.2.0.gemspec
I, [2014-04-30T09:41:22.875712 #25197]  INFO -- : 0:  dm-transactions (1.2.0) from /Users/johnjorgensen/.rvm/gems/ruby-2.1.0/specifications/dm-transactions-1.2.0.gemspec
I, [2014-04-30T09:41:22.876011 #25197]  INFO -- : 0:  stringex (1.5.1) from /Users/johnjorgensen/.rvm/gems/ruby-2.1.0/specifications/stringex-1.5.1.gemspec
I, [2014-04-30T09:41:22.876296 #25197]  INFO -- : 0:  uuidtools (2.1.4) from /Users/johnjorgensen/.rvm/gems/ruby-2.1.0/specifications/uuidtools-2.1.4.gemspec
I, [2014-04-30T09:41:22.876591 #25197]  INFO -- : 0:  dm-types (1.2.2) from /Users/johnjorgensen/.rvm/gems/ruby-2.1.0/specifications/dm-types-1.2.2.gemspec
I, [2014-04-30T09:41:22.876912 #25197]  INFO -- : 0:  dm-validations (1.2.0) from /Users/johnjorgensen/.rvm/gems/ruby-2.1.0/specifications/dm-validations-1.2.0.gemspec
I, [2014-04-30T09:41:22.877207 #25197]  INFO -- : 0:  data_mapper (1.2.0) from /Users/johnjorgensen/.rvm/gems/ruby-2.1.0/specifications/data_mapper-1.2.0.gemspec
I, [2014-04-30T09:41:22.877505 #25197]  INFO -- : 0:  data_objects (0.10.14) from /Users/johnjorgensen/.rvm/gems/ruby-2.1.0/specifications/data_objects-0.10.14.gemspec
I, [2014-04-30T09:41:22.877816 #25197]  INFO -- : 0:  dm-do-adapter (1.2.0) from /Users/johnjorgensen/.rvm/gems/ruby-2.1.0/specifications/dm-do-adapter-1.2.0.gemspec
I, [2014-04-30T09:41:22.878117 #25197]  INFO -- : 0:  do_postgres (0.10.14) from /Users/johnjorgensen/.rvm/gems/ruby-2.1.0/specifications/do_postgres-0.10.14.gemspec
I, [2014-04-30T09:41:22.878419 #25197]  INFO -- : 0:  dm-postgres-adapter (1.2.0) from /Users/johnjorgensen/.rvm/gems/ruby-2.1.0/specifications/dm-postgres-adapter-1.2.0.gemspec
I, [2014-04-30T09:41:22.878715 #25197]  INFO -- : 0:  do_sqlite3 (0.10.14) from /Users/johnjorgensen/.rvm/gems/ruby-2.1.0/specifications/do_sqlite3-0.10.14.gemspec
I, [2014-04-30T09:41:22.879019 #25197]  INFO -- : 0:  dm-sqlite-adapter (1.2.0) from /Users/johnjorgensen/.rvm/gems/ruby-2.1.0/specifications/dm-sqlite-adapter-1.2.0.gemspec
I, [2014-04-30T09:41:22.879307 #25197]  INFO -- : 0:  tilt (1.4.1) from /Users/johnjorgensen/.rvm/gems/ruby-2.1.0/specifications/tilt-1.4.1.gemspec
I, [2014-04-30T09:41:22.879606 #25197]  INFO -- : 0:  haml (4.0.5) from /Users/johnjorgensen/.rvm/gems/ruby-2.1.0/specifications/haml-4.0.5.gemspec
I, [2014-04-30T09:41:22.879924 #25197]  INFO -- : 0:  kgio (2.9.2) from /Users/johnjorgensen/.rvm/gems/ruby-2.1.0/specifications/kgio-2.9.2.gemspec
I, [2014-04-30T09:41:22.880218 #25197]  INFO -- : 0:  rack (1.5.2) from /Users/johnjorgensen/.rvm/gems/ruby-2.1.0/specifications/rack-1.5.2.gemspec
I, [2014-04-30T09:41:22.880524 #25197]  INFO -- : 0:  rack-protection (1.5.3) from /Users/johnjorgensen/.rvm/gems/ruby-2.1.0/specifications/rack-protection-1.5.3.gemspec
I, [2014-04-30T09:41:22.880815 #25197]  INFO -- : 0:  raindrops (0.13.0) from /Users/johnjorgensen/.rvm/gems/ruby-2.1.0/specifications/raindrops-0.13.0.gemspec
I, [2014-04-30T09:41:22.881107 #25197]  INFO -- : 0:  sinatra (1.4.5) from /Users/johnjorgensen/.rvm/gems/ruby-2.1.0/specifications/sinatra-1.4.5.gemspec
I, [2014-04-30T09:41:22.881398 #25197]  INFO -- : 0:  sinatra-flash (0.3.0) from /Users/johnjorgensen/.rvm/gems/ruby-2.1.0/specifications/sinatra-flash-0.3.0.gemspec
I, [2014-04-30T09:41:22.881703 #25197]  INFO -- : 0:  unicorn (4.8.2) from /Users/johnjorgensen/.rvm/gems/ruby-2.1.0/specifications/unicorn-4.8.2.gemspec
I, [2014-04-30T09:41:22.881983 #25197]  INFO -- : 0:  bundler (1.5.1) from /Users/johnjorgensen/.rvm/gems/ruby-2.1.0@global/specifications/bundler-1.5.1.gemspec
I, [2014-05-01T09:41:48.873613 #27330]  INFO -- : 0:  addressable (2.3.6) from /Users/johnjorgensen/.rvm/gems/ruby-2.1.0/specifications/addressable-2.3.6.gemspec
I, [2014-05-01T09:41:48.874375 #27330]  INFO -- : 0:  bcrypt (3.1.7) from /Users/johnjorgensen/.rvm/gems/ruby-2.1.0/specifications/bcrypt-3.1.7.gemspec
I, [2014-05-01T09:41:48.874726 #27330]  INFO -- : 0:  bcrypt-ruby (3.1.5) from /Users/johnjorgensen/.rvm/gems/ruby-2.1.0/specifications/bcrypt-ruby-3.1.5.gemspec
I, [2014-05-01T09:41:48.875064 #27330]  INFO -- : 0:  dm-core (1.2.1) from /Users/johnjorgensen/.rvm/gems/ruby-2.1.0/specifications/dm-core-1.2.1.gemspec
I, [2014-05-01T09:41:48.875383 #27330]  INFO -- : 0:  dm-aggregates (1.2.0) from /Users/johnjorgensen/.rvm/gems/ruby-2.1.0/specifications/dm-aggregates-1.2.0.gemspec
I, [2014-05-01T09:41:48.875683 #27330]  INFO -- : 0:  dm-constraints (1.2.0) from /Users/johnjorgensen/.rvm/gems/ruby-2.1.0/specifications/dm-constraints-1.2.0.gemspec
I, [2014-05-01T09:41:48.876008 #27330]  INFO -- : 0:  dm-migrations (1.2.0) from /Users/johnjorgensen/.rvm/gems/ruby-2.1.0/specifications/dm-migrations-1.2.0.gemspec
I, [2014-05-01T09:41:48.876464 #27330]  INFO -- : 0:  fastercsv (1.5.5) from /Users/johnjorgensen/.rvm/gems/ruby-2.1.0/specifications/fastercsv-1.5.5.gemspec
I, [2014-05-01T09:41:48.876942 #27330]  INFO -- : 0:  json (1.8.1) from /Users/johnjorgensen/.rvm/rubies/ruby-2.1.0/lib/ruby/gems/2.1.0/specifications/default/json-1.8.1.gemspec
I, [2014-05-01T09:41:48.877246 #27330]  INFO -- : 0:  json_pure (1.8.1) from /Users/johnjorgensen/.rvm/gems/ruby-2.1.0/specifications/json_pure-1.8.1.gemspec
I, [2014-05-01T09:41:48.877569 #27330]  INFO -- : 0:  multi_json (1.9.3) from /Users/johnjorgensen/.rvm/gems/ruby-2.1.0/specifications/multi_json-1.9.3.gemspec
I, [2014-05-01T09:41:48.877866 #27330]  INFO -- : 0:  dm-serializer (1.2.2) from /Users/johnjorgensen/.rvm/gems/ruby-2.1.0/specifications/dm-serializer-1.2.2.gemspec
I, [2014-05-01T09:41:48.878144 #27330]  INFO -- : 0:  dm-timestamps (1.2.0) from /Users/johnjorgensen/.rvm/gems/ruby-2.1.0/specifications/dm-timestamps-1.2.0.gemspec
I, [2014-05-01T09:41:48.878387 #27330]  INFO -- : 0:  dm-transactions (1.2.0) from /Users/johnjorgensen/.rvm/gems/ruby-2.1.0/specifications/dm-transactions-1.2.0.gemspec
I, [2014-05-01T09:41:48.878670 #27330]  INFO -- : 0:  stringex (1.5.1) from /Users/johnjorgensen/.rvm/gems/ruby-2.1.0/specifications/stringex-1.5.1.gemspec
I, [2014-05-01T09:41:48.878932 #27330]  INFO -- : 0:  uuidtools (2.1.4) from /Users/johnjorgensen/.rvm/gems/ruby-2.1.0/specifications/uuidtools-2.1.4.gemspec
I, [2014-05-01T09:41:48.879192 #27330]  INFO -- : 0:  dm-types (1.2.2) from /Users/johnjorgensen/.rvm/gems/ruby-2.1.0/specifications/dm-types-1.2.2.gemspec
I, [2014-05-01T09:41:48.879460 #27330]  INFO -- : 0:  dm-validations (1.2.0) from /Users/johnjorgensen/.rvm/gems/ruby-2.1.0/specifications/dm-validations-1.2.0.gemspec
I, [2014-05-01T09:41:48.879726 #27330]  INFO -- : 0:  data_mapper (1.2.0) from /Users/johnjorgensen/.rvm/gems/ruby-2.1.0/specifications/data_mapper-1.2.0.gemspec
I, [2014-05-01T09:41:48.879992 #27330]  INFO -- : 0:  data_objects (0.10.14) from /Users/johnjorgensen/.rvm/gems/ruby-2.1.0/specifications/data_objects-0.10.14.gemspec
I, [2014-05-01T09:41:48.880229 #27330]  INFO -- : 0:  dm-do-adapter (1.2.0) from /Users/johnjorgensen/.rvm/gems/ruby-2.1.0/specifications/dm-do-adapter-1.2.0.gemspec
I, [2014-05-01T09:41:48.880482 #27330]  INFO -- : 0:  do_postgres (0.10.14) from /Users/johnjorgensen/.rvm/gems/ruby-2.1.0/specifications/do_postgres-0.10.14.gemspec
I, [2014-05-01T09:41:48.880743 #27330]  INFO -- : 0:  dm-postgres-adapter (1.2.0) from /Users/johnjorgensen/.rvm/gems/ruby-2.1.0/specifications/dm-postgres-adapter-1.2.0.gemspec
I, [2014-05-01T09:41:48.881001 #27330]  INFO -- : 0:  do_sqlite3 (0.10.14) from /Users/johnjorgensen/.rvm/gems/ruby-2.1.0/specifications/do_sqlite3-0.10.14.gemspec
I, [2014-05-01T09:41:48.881264 #27330]  INFO -- : 0:  dm-sqlite-adapter (1.2.0) from /Users/johnjorgensen/.rvm/gems/ruby-2.1.0/specifications/dm-sqlite-adapter-1.2.0.gemspec
I, [2014-05-01T09:41:48.881513 #27330]  INFO -- : 0:  tilt (1.4.1) from /Users/johnjorgensen/.rvm/gems/ruby-2.1.0/specifications/tilt-1.4.1.gemspec
I, [2014-05-01T09:41:48.881765 #27330]  INFO -- : 0:  haml (4.0.5) from /Users/johnjorgensen/.rvm/gems/ruby-2.1.0/specifications/haml-4.0.5.gemspec
I, [2014-05-01T09:41:48.882016 #27330]  INFO -- : 0:  kgio (2.9.2) from /Users/johnjorgensen/.rvm/gems/ruby-2.1.0/specifications/kgio-2.9.2.gemspec
I, [2014-05-01T09:41:48.882260 #27330]  INFO -- : 0:  rack (1.5.2) from /Users/johnjorgensen/.rvm/gems/ruby-2.1.0/specifications/rack-1.5.2.gemspec
I, [2014-05-01T09:41:48.882513 #27330]  INFO -- : 0:  rack-flash (0.1.2) from /Users/johnjorgensen/.rvm/gems/ruby-2.1.0/specifications/rack-flash-0.1.2.gemspec
I, [2014-05-01T09:41:48.882781 #27330]  INFO -- : 0:  rack-protection (1.5.3) from /Users/johnjorgensen/.rvm/gems/ruby-2.1.0/specifications/rack-protection-1.5.3.gemspec
I, [2014-05-01T09:41:48.883093 #27330]  INFO -- : 0:  raindrops (0.13.0) from /Users/johnjorgensen/.rvm/gems/ruby-2.1.0/specifications/raindrops-0.13.0.gemspec
I, [2014-05-01T09:41:48.883393 #27330]  INFO -- : 0:  rufus-tokyo (1.0.7) from /Users/johnjorgensen/.rvm/gems/ruby-2.1.0/specifications/rufus-tokyo-1.0.7.gemspec
I, [2014-05-01T09:41:48.883658 #27330]  INFO -- : 0:  sinatra (1.4.5) from /Users/johnjorgensen/.rvm/gems/ruby-2.1.0/specifications/sinatra-1.4.5.gemspec
I, [2014-05-01T09:41:48.885589 #27330]  INFO -- : 0:  yajl-ruby (1.2.0) from /Users/johnjorgensen/.rvm/gems/ruby-2.1.0/specifications/yajl-ruby-1.2.0.gemspec
I, [2014-05-01T09:41:48.885964 #27330]  INFO -- : 0:  sinbook (0.1.9) from /Users/johnjorgensen/.rvm/gems/ruby-2.1.0/specifications/sinbook-0.1.9.gemspec
I, [2014-05-01T09:41:48.886256 #27330]  INFO -- : 0:  sinatra-authentication (0.4.1) from /Users/johnjorgensen/.rvm/gems/ruby-2.1.0/specifications/sinatra-authentication-0.4.1.gemspec
I, [2014-05-01T09:41:48.886532 #27330]  INFO -- : 0:  sinatra-flash (0.3.0) from /Users/johnjorgensen/.rvm/gems/ruby-2.1.0/specifications/sinatra-flash-0.3.0.gemspec
I, [2014-05-01T09:41:48.886863 #27330]  INFO -- : 0:  unicorn (4.8.2) from /Users/johnjorgensen/.rvm/gems/ruby-2.1.0/specifications/unicorn-4.8.2.gemspec
I, [2014-05-01T09:41:48.887157 #27330]  INFO -- : 0:  bundler (1.5.1) from /Users/johnjorgensen/.rvm/gems/ruby-2.1.0@global/specifications/bundler-1.5.1.gemspec
